<?xml version="1.0" encoding="UTF-8"?>
<!-- Generated by org.testng.reporters.JUnitXMLReporter -->
<testsuite ignored="0" hostname="DESKTOP-O1670DC" failures="1" tests="1" name="openartTest" time="9.517" errors="0" timestamp="2023-04-06T15:09:08 EDT">
  <testcase classname="testCases.TC_002_LoginTest" name="test_login" time="5.521">
    <failure type="java.lang.AssertionError" message="null">
      <![CDATA[java.lang.AssertionError: null
at testCases.TC_002_LoginTest.test_login(TC_002_LoginTest.java:41)
at java.base/java.util.ArrayList.forEach(ArrayList.java:1511)
... Removed 31 stack frames]]>
    </failure>
  </testcase> <!-- test_login -->
</testsuite> <!-- openartTest -->
